Using pre-set license
Built from '2021.1/release' branch; Version is '2021.1.4f1 (4cd64a618c1b) revision 5035594'; Using compiler version '192528614'; Build Type 'Release'
OS: 'Windows 10 Pro; OS build 18363.1440; Version 1909; 64bit' Language: 'en' Physical Memory: 16321 MB
BatchMode: 1, IsHumanControllingUs: 0, StartBugReporterOnCrash: 0, Is64bit: 1, IsPro: 0

 COMMAND LINE ARGUMENTS:
C:\Program Files\Unity\Hub\Editor\2021.1.4f1\Editor\Unity.exe
-adb2
-batchMode
-noUpm
-name
AssetImportWorker0
-projectPath
C:/Users/admin/Desktop/škola/PRJ/Project
-logFile
Logs/AssetImportWorker0.log
-srvPort
51606
Successfully changed project path to: C:/Users/admin/Desktop/škola/PRJ/Project
C:/Users/admin/Desktop/škola/PRJ/Project
Using Asset Import Pipeline V2.
Refreshing native plugins compatible for Editor in 72.42 ms, found 1 plugins.
Preloading 0 native plugins for Editor in 0.00 ms.
Initialize engine version: 2021.1.4f1 (4cd64a618c1b)
[Subsystems] Discovering subsystems at path C:/Program Files/Unity/Hub/Editor/2021.1.4f1/Editor/Data/Resources/UnitySubsystems
[Subsystems] Discovering subsystems at path C:/Users/admin/Desktop/škola/PRJ/Project/Assets
GfxDevice: creating device client; threaded=0; jobified=0
Direct3D:
    Version:  Direct3D 11.0 [level 11.1]
    Renderer: NVIDIA GeForce GTX 1050 (ID=0x1c81)
    Vendor:   NVIDIA
    VRAM:     1977 MB
    Driver:   27.21.14.6611
Initialize mono
Mono path[0] = 'C:/Program Files/Unity/Hub/Editor/2021.1.4f1/Editor/Data/Managed'
Mono path[1] = 'C:/Program Files/Unity/Hub/Editor/2021.1.4f1/Editor/Data/MonoBleedingEdge/lib/mono/unityjit'
Mono config path = 'C:/Program Files/Unity/Hub/Editor/2021.1.4f1/Editor/Data/MonoBleedingEdge/etc'
Using monoOptions --debugger-agent=transport=dt_socket,embedding=1,server=y,suspend=n,address=127.0.0.1:56032
Begin MonoManager ReloadAssembly
Registering precompiled unity dll's ...
Register platform support module: C:/Program Files/Unity/Hub/Editor/2021.1.4f1/Editor/Data/PlaybackEngines/WindowsStandaloneSupport/UnityEditor.WindowsStandalone.Extensions.dll
Registered in 0.004649 seconds.
Native extension for WindowsStandalone target not found
Refreshing native plugins compatible for Editor in 54.05 ms, found 1 plugins.
Preloading 0 native plugins for Editor in 0.00 ms.
Mono: successfully reloaded assembly
- Completed reload, in  1.733 seconds
Platform modules already initialized, skipping
Registering precompiled user dll's ...
Registered in 0.001056 seconds.
Begin MonoManager ReloadAssembly
Native extension for WindowsStandalone target not found
Refreshing native plugins compatible for Editor in 56.91 ms, found 1 plugins.
Preloading 0 native plugins for Editor in 0.00 ms.
Mono: successfully reloaded assembly
- Completed reload, in  1.404 seconds
Platform modules already initialized, skipping
========================================================================
Worker process is ready to serve import requests
Launched and connected shader compiler UnityShaderCompiler.exe after 0.05 seconds
Refreshing native plugins compatible for Editor in 0.67 ms, found 1 plugins.
Preloading 0 native plugins for Editor in 0.00 ms.
Unloading 1850 Unused Serialized files (Serialized files now loaded: 0)
System memory in use before: 87.5 MB.
System memory in use after: 87.6 MB.

Unloading 19 unused Assets to reduce memory usage. Loaded Objects now: 2314.
Total: 2.695200 ms (FindLiveObjects: 0.193800 ms CreateObjectMapping: 0.099000 ms MarkObjects: 2.319100 ms  DeleteObjects: 0.081400 ms)

========================================================================
Received Import Request.
  path: Assets/Scripts
  artifactKey: Guid(651bc0036a462ee4ebc46ff6ea9f6116) Importer(815301076,1909f56bfc062723c751e8b465ee728b)
Start importing Assets/Scripts using Guid(651bc0036a462ee4ebc46ff6ea9f6116) Importer(815301076,1909f56bfc062723c751e8b465ee728b)  -> (artifact id: '7f64decd8f11d75857cbe500b96fe2bd') in 0.005876 seconds 
========================================================================
Received Prepare
Refreshing native plugins compatible for Editor in 2.26 ms, found 1 plugins.
Preloading 0 native plugins for Editor in 0.00 ms.
Unloading 5 Unused Serialized files (Serialized files now loaded: 0)
System memory in use before: 50.3 MB.
System memory in use after: 50.4 MB.

Unloading 5 unused Assets to reduce memory usage. Loaded Objects now: 2314.
Total: 2.323400 ms (FindLiveObjects: 0.157000 ms CreateObjectMapping: 0.209900 ms MarkObjects: 1.941000 ms  DeleteObjects: 0.014100 ms)

========================================================================
Received Import Request.
  Time since last request: 1.701862 seconds.
  path: Assets/Scripts/Inventory
  artifactKey: Guid(1a672759e13c8c547a5fc82cdd52f8a5) Importer(815301076,1909f56bfc062723c751e8b465ee728b)
Start importing Assets/Scripts/Inventory using Guid(1a672759e13c8c547a5fc82cdd52f8a5) Importer(815301076,1909f56bfc062723c751e8b465ee728b)  -> (artifact id: '3c17ea822f0aa6b3f7594c806bb12af7') in 0.001763 seconds 
========================================================================
Received Import Request.
  Time since last request: 59.804012 seconds.
  path: Assets/Scripts/Inventory/PlayerObject.cs
  artifactKey: Guid(bb97fa03d7eb91340a340df36d9af916) Importer(815301076,1909f56bfc062723c751e8b465ee728b)
Start importing Assets/Scripts/Inventory/PlayerObject.cs using Guid(bb97fa03d7eb91340a340df36d9af916) Importer(815301076,1909f56bfc062723c751e8b465ee728b)  -> (artifact id: '96f9e8904f0c33e55cfaa50985376f37') in 0.057173 seconds 
========================================================================
Received Import Request.
  Time since last request: 280.297866 seconds.
  path: Assets/Scripts/Inventory/PlayerObject.cs
  artifactKey: Guid(bb97fa03d7eb91340a340df36d9af916) Importer(815301076,1909f56bfc062723c751e8b465ee728b)
Start importing Assets/Scripts/Inventory/PlayerObject.cs using Guid(bb97fa03d7eb91340a340df36d9af916) Importer(815301076,1909f56bfc062723c751e8b465ee728b)  -> (artifact id: '29bac42f1d75013c9b532cc1abeb6a36') in 0.106067 seconds 
========================================================================
Received Import Request.
  Time since last request: 26.428252 seconds.
  path: Assets/Resources/white.png
  artifactKey: Guid(d1dfdef414d1d35448f15ae1f25468db) Importer(815301076,1909f56bfc062723c751e8b465ee728b)
Start importing Assets/Resources/white.png using Guid(d1dfdef414d1d35448f15ae1f25468db) Importer(815301076,1909f56bfc062723c751e8b465ee728b)  -> (artifact id: '3e1385748e4f20730a36a6d5f51dc9f8') in 0.199401 seconds 
========================================================================
Received Import Request.
  Time since last request: 1.270175 seconds.
  path: Assets/Resources/Blocks
  artifactKey: Guid(d68c649a00e1c7846a63a4a63ad36fa3) Importer(815301076,1909f56bfc062723c751e8b465ee728b)
Start importing Assets/Resources/Blocks using Guid(d68c649a00e1c7846a63a4a63ad36fa3) Importer(815301076,1909f56bfc062723c751e8b465ee728b)  -> (artifact id: 'de42057949a1c08ee44aa5021bf518d8') in 0.005078 seconds 
========================================================================
Received Import Request.
  Time since last request: 44.538486 seconds.
  path: Assets/Resources
  artifactKey: Guid(72cdf905c647395408d868f7051f51dd) Importer(815301076,1909f56bfc062723c751e8b465ee728b)
Start importing Assets/Resources using Guid(72cdf905c647395408d868f7051f51dd) Importer(815301076,1909f56bfc062723c751e8b465ee728b)  -> (artifact id: '0c8115017e0a3b14234110805cfd9e60') in 0.009118 seconds 
========================================================================
Received Import Request.
  Time since last request: 5.810237 seconds.
  path: Assets/Resources/New Piskel - Copy.png
  artifactKey: Guid(1e227e324704d454eac4513b8b036618) Importer(815301076,1909f56bfc062723c751e8b465ee728b)
Start importing Assets/Resources/New Piskel - Copy.png using Guid(1e227e324704d454eac4513b8b036618) Importer(815301076,1909f56bfc062723c751e8b465ee728b)  -> (artifact id: 'dd6721205f9c3fe1114183c71690690c') in 0.021999 seconds 
========================================================================
Received Import Request.
  Time since last request: 7.365626 seconds.
  path: Assets/Resources/Inv Slot.png
  artifactKey: Guid(1e227e324704d454eac4513b8b036618) Importer(815301076,1909f56bfc062723c751e8b465ee728b)
Start importing Assets/Resources/Inv Slot.png using Guid(1e227e324704d454eac4513b8b036618) Importer(815301076,1909f56bfc062723c751e8b465ee728b)  -> (artifact id: '9c28be536a4d6da0f992f4c3f77e351d') in 0.024749 seconds 
========================================================================
Received Import Request.
  Time since last request: 10.738718 seconds.
  path: Assets/Prefabs/BarBase.prefab
  artifactKey: Guid(b881ec85233f54a4fafae7f4d1b3bcef) Importer(815301076,1909f56bfc062723c751e8b465ee728b)
Start importing Assets/Prefabs/BarBase.prefab using Guid(b881ec85233f54a4fafae7f4d1b3bcef) Importer(815301076,1909f56bfc062723c751e8b465ee728b)  -> (artifact id: '82f45a815d5e04776fc9aa634520c256') in 0.032107 seconds 
========================================================================
Received Import Request.
  Time since last request: 1.026727 seconds.
  path: Assets/Prefabs
  artifactKey: Guid(a011251295b132b4e9959b16df1c5267) Importer(815301076,1909f56bfc062723c751e8b465ee728b)
Start importing Assets/Prefabs using Guid(a011251295b132b4e9959b16df1c5267) Importer(815301076,1909f56bfc062723c751e8b465ee728b)  -> (artifact id: 'e0154cea3e218bc14d73231b6de10b06') in 0.004676 seconds 
========================================================================
Received Import Request.
  Time since last request: 5.460656 seconds.
  path: Assets/Prefabs/Slot.prefab
  artifactKey: Guid(cb829e6da4e3b9243b45cd3f69c37641) Importer(815301076,1909f56bfc062723c751e8b465ee728b)
Start importing Assets/Prefabs/Slot.prefab using Guid(cb829e6da4e3b9243b45cd3f69c37641) Importer(815301076,1909f56bfc062723c751e8b465ee728b)  -> (artifact id: 'fa7ab9d79c1474bcf7c205e8cce852e3') in 0.029364 seconds 
========================================================================
Received Import Request.
  Time since last request: 8.547423 seconds.
  path: Assets/Prefabs/Slot.prefab
  artifactKey: Guid(cb829e6da4e3b9243b45cd3f69c37641) Importer(815301076,1909f56bfc062723c751e8b465ee728b)
Start importing Assets/Prefabs/Slot.prefab using Guid(cb829e6da4e3b9243b45cd3f69c37641) Importer(815301076,1909f56bfc062723c751e8b465ee728b)  -> (artifact id: 'd8e98aad18f6f15a7cd05bee5ff91084') in 0.015503 seconds 
========================================================================
Received Import Request.
  Time since last request: 5.401557 seconds.
  path: Assets/Prefabs/Slot.prefab
  artifactKey: Guid(cb829e6da4e3b9243b45cd3f69c37641) Importer(815301076,1909f56bfc062723c751e8b465ee728b)
Start importing Assets/Prefabs/Slot.prefab using Guid(cb829e6da4e3b9243b45cd3f69c37641) Importer(815301076,1909f56bfc062723c751e8b465ee728b)  -> (artifact id: 'daba81f0a960b3a5598f02e4c369c461') in 0.013581 seconds 
========================================================================
Received Import Request.
  Time since last request: 3.007339 seconds.
  path: Assets/Prefabs/Slot.prefab
  artifactKey: Guid(cb829e6da4e3b9243b45cd3f69c37641) Importer(815301076,1909f56bfc062723c751e8b465ee728b)
Start importing Assets/Prefabs/Slot.prefab using Guid(cb829e6da4e3b9243b45cd3f69c37641) Importer(815301076,1909f56bfc062723c751e8b465ee728b)  -> (artifact id: '17dfba028ae7684ab062fbdd9a84f95a') in 0.008987 seconds 
========================================================================
Received Import Request.
  Time since last request: 5.570487 seconds.
  path: Assets/Prefabs/Slot.prefab
  artifactKey: Guid(cb829e6da4e3b9243b45cd3f69c37641) Importer(815301076,1909f56bfc062723c751e8b465ee728b)
Start importing Assets/Prefabs/Slot.prefab using Guid(cb829e6da4e3b9243b45cd3f69c37641) Importer(815301076,1909f56bfc062723c751e8b465ee728b)  -> (artifact id: '73f5ced26ae44fa65e61f50399f26446') in 0.009510 seconds 
========================================================================
Received Import Request.
  Time since last request: 1.079123 seconds.
  path: Assets/Resources/Blocks/Sprites/brick_grey.png
  artifactKey: Guid(a65ad9b5e3722a444a76121d5236a07e) Importer(815301076,1909f56bfc062723c751e8b465ee728b)
Start importing Assets/Resources/Blocks/Sprites/brick_grey.png using Guid(a65ad9b5e3722a444a76121d5236a07e) Importer(815301076,1909f56bfc062723c751e8b465ee728b)  -> (artifact id: '8537c282e549b1a05921e2bd27276dc6') in 0.025964 seconds 
========================================================================
Received Import Request.
  Time since last request: 0.000193 seconds.
  path: Assets/Resources/Blocks/Sprites/mushroom_red.png
  artifactKey: Guid(6d3bd5ae114f0bc42ab7b910989f325b) Importer(815301076,1909f56bfc062723c751e8b465ee728b)
Start importing Assets/Resources/Blocks/Sprites/mushroom_red.png using Guid(6d3bd5ae114f0bc42ab7b910989f325b) Importer(815301076,1909f56bfc062723c751e8b465ee728b)  -> (artifact id: '11f43f1125c6bed40aa6afb5d369c001') in 0.025153 seconds 
========================================================================
Received Import Request.
  Time since last request: 0.000211 seconds.
  path: Assets/Resources/Blocks/Sprites/grass4.png
  artifactKey: Guid(cb324a58e3cc83b469e4ae73570209c2) Importer(815301076,1909f56bfc062723c751e8b465ee728b)
Start importing Assets/Resources/Blocks/Sprites/grass4.png using Guid(cb324a58e3cc83b469e4ae73570209c2) Importer(815301076,1909f56bfc062723c751e8b465ee728b)  -> (artifact id: '1ab6d47f554d73483ab0ac63e898c52e') in 0.028162 seconds 
========================================================================
Received Import Request.
  Time since last request: 0.000217 seconds.
  path: Assets/Resources/Blocks/Sprites/oven.png
  artifactKey: Guid(9c8d10bf6cde2d24b8b990f22e764adb) Importer(815301076,1909f56bfc062723c751e8b465ee728b)
Start importing Assets/Resources/Blocks/Sprites/oven.png using Guid(9c8d10bf6cde2d24b8b990f22e764adb) Importer(815301076,1909f56bfc062723c751e8b465ee728b)  -> (artifact id: 'bc59438efa60c7837acf0da6ed8f2a29') in 0.024206 seconds 
========================================================================
Received Import Request.
  Time since last request: 0.000193 seconds.
  path: Assets/Resources/Blocks/Sprites/rock.png
  artifactKey: Guid(197fb72117bffc64b97509b5a7ee251e) Importer(815301076,1909f56bfc062723c751e8b465ee728b)
Start importing Assets/Resources/Blocks/Sprites/rock.png using Guid(197fb72117bffc64b97509b5a7ee251e) Importer(815301076,1909f56bfc062723c751e8b465ee728b)  -> (artifact id: 'a4fbe2bfb8b2b1e711ff77f41eecf58c') in 0.031664 seconds 
========================================================================
Received Import Request.
  Time since last request: 0.000189 seconds.
  path: Assets/Resources/Blocks/Sprites/lava.png
  artifactKey: Guid(97ad1514eeb86e940b29f7311bf331c9) Importer(815301076,1909f56bfc062723c751e8b465ee728b)
Start importing Assets/Resources/Blocks/Sprites/lava.png using Guid(97ad1514eeb86e940b29f7311bf331c9) Importer(815301076,1909f56bfc062723c751e8b465ee728b)  -> (artifact id: '8bb341ffc4b3a8e42110de99fff60361') in 0.016180 seconds 
========================================================================
Received Import Request.
  Time since last request: 0.000551 seconds.
  path: Assets/Resources/Blocks/Sprites/brick_red.png
  artifactKey: Guid(8401c3bb5ed81414eba131cd339d1177) Importer(815301076,1909f56bfc062723c751e8b465ee728b)
Start importing Assets/Resources/Blocks/Sprites/brick_red.png using Guid(8401c3bb5ed81414eba131cd339d1177) Importer(815301076,1909f56bfc062723c751e8b465ee728b)  -> (artifact id: 'f623865e19c4ac92283e3a72ea9c106a') in 0.040649 seconds 
========================================================================
Received Import Request.
  Time since last request: 0.000281 seconds.
  path: Assets/Resources/Blocks/Sprites/rock_moss.png
  artifactKey: Guid(7d6508996d3d2fb4885db2d0412e91b0) Importer(815301076,1909f56bfc062723c751e8b465ee728b)
Start importing Assets/Resources/Blocks/Sprites/rock_moss.png using Guid(7d6508996d3d2fb4885db2d0412e91b0) Importer(815301076,1909f56bfc062723c751e8b465ee728b)  -> (artifact id: '8db9bcdb4bfd2ceb9873189dae91924c') in 0.074244 seconds 
========================================================================
Received Import Request.
  Time since last request: 0.000203 seconds.
  path: Assets/Resources/Blocks/Sprites/sand.png
  artifactKey: Guid(b19a938de9dca864c9eb6247df65079a) Importer(815301076,1909f56bfc062723c751e8b465ee728b)
Start importing Assets/Resources/Blocks/Sprites/sand.png using Guid(b19a938de9dca864c9eb6247df65079a) Importer(815301076,1909f56bfc062723c751e8b465ee728b)  -> (artifact id: '91c0b0612e2424dcd81657cb1d4d552c') in 0.117271 seconds 
========================================================================
Received Import Request.
  Time since last request: 0.000204 seconds.
  path: Assets/Resources/Blocks/Sprites/stone_coal_alt.png
  artifactKey: Guid(22ed0d55a12500245b32e8991d9cad2d) Importer(815301076,1909f56bfc062723c751e8b465ee728b)
Start importing Assets/Resources/Blocks/Sprites/stone_coal_alt.png using Guid(22ed0d55a12500245b32e8991d9cad2d) Importer(815301076,1909f56bfc062723c751e8b465ee728b)  -> (artifact id: '8ee8dc8736268e55edf7239e6bf23b25') in 0.025814 seconds 
========================================================================
Received Import Request.
  Time since last request: 0.000207 seconds.
  path: Assets/Resources/Blocks/Sprites/grass_tan.png
  artifactKey: Guid(0bdad9196c334014dbd115fe7644a06a) Importer(815301076,1909f56bfc062723c751e8b465ee728b)
Start importing Assets/Resources/Blocks/Sprites/grass_tan.png using Guid(0bdad9196c334014dbd115fe7644a06a) Importer(815301076,1909f56bfc062723c751e8b465ee728b)  -> (artifact id: '6b4ac3ce2554a5194a8eeed9df954c58') in 0.042427 seconds 
========================================================================
Received Import Request.
  Time since last request: 0.000213 seconds.
  path: Assets/Resources/Blocks/Sprites/stone_coal.png
  artifactKey: Guid(b76bd96fb2c3fc548a080ae46431a0ff) Importer(815301076,1909f56bfc062723c751e8b465ee728b)
Start importing Assets/Resources/Blocks/Sprites/stone_coal.png using Guid(b76bd96fb2c3fc548a080ae46431a0ff) Importer(815301076,1909f56bfc062723c751e8b465ee728b)  -> (artifact id: '9a2ca3658253551e444ca426a2ced77a') in 0.016810 seconds 
========================================================================
Received Import Request.
  Time since last request: 0.000308 seconds.
  path: Assets/Resources/Blocks/Sprites/stone_browniron_alt.png
  artifactKey: Guid(7a018862490bcad4caf9921e717a1888) Importer(815301076,1909f56bfc062723c751e8b465ee728b)
Start importing Assets/Resources/Blocks/Sprites/stone_browniron_alt.png using Guid(7a018862490bcad4caf9921e717a1888) Importer(815301076,1909f56bfc062723c751e8b465ee728b)  -> (artifact id: '1f442f94af27d854b45aaec9ee7bca77') in 0.023227 seconds 
========================================================================
Received Import Request.
  Time since last request: 0.000159 seconds.
  path: Assets/Resources/Blocks/Sprites/mushroom_brown.png
  artifactKey: Guid(0cfeb479f41688e4d993a7d830a498e7) Importer(815301076,1909f56bfc062723c751e8b465ee728b)
Start importing Assets/Resources/Blocks/Sprites/mushroom_brown.png using Guid(0cfeb479f41688e4d993a7d830a498e7) Importer(815301076,1909f56bfc062723c751e8b465ee728b)  -> (artifact id: 'f64f2f75f5b362fc0813d916034e1b73') in 0.025184 seconds 
========================================================================
Received Import Request.
  Time since last request: 0.000197 seconds.
  path: Assets/Resources/Blocks/Sprites/dirt.png
  artifactKey: Guid(f4779be92d9d44f449f8404011eba3c8) Importer(815301076,1909f56bfc062723c751e8b465ee728b)
Start importing Assets/Resources/Blocks/Sprites/dirt.png using Guid(f4779be92d9d44f449f8404011eba3c8) Importer(815301076,1909f56bfc062723c751e8b465ee728b)  -> (artifact id: 'c80386739adf618da0ef8c039eb273bf') in 0.029291 seconds 
========================================================================
Received Import Request.
  Time since last request: 0.000332 seconds.
  path: Assets/Resources/Blocks/Sprites/glass.png
  artifactKey: Guid(6d2e73875af58ea4faa97b2435e25f09) Importer(815301076,1909f56bfc062723c751e8b465ee728b)
Start importing Assets/Resources/Blocks/Sprites/glass.png using Guid(6d2e73875af58ea4faa97b2435e25f09) Importer(815301076,1909f56bfc062723c751e8b465ee728b)  -> (artifact id: 'e37dc4c8f60f5674e889edc26fcb3670') in 0.017701 seconds 
========================================================================
Received Import Request.
  Time since last request: 0.000287 seconds.
  path: Assets/Resources/Blocks/Sprites/leaves.png
  artifactKey: Guid(7be120d3a9e8969449c78ed583820526) Importer(815301076,1909f56bfc062723c751e8b465ee728b)
Start importing Assets/Resources/Blocks/Sprites/leaves.png using Guid(7be120d3a9e8969449c78ed583820526) Importer(815301076,1909f56bfc062723c751e8b465ee728b)  -> (artifact id: '59fc6be9e88aaf4ca27052737387d9c8') in 0.021157 seconds 
========================================================================
Received Import Request.
  Time since last request: 0.000215 seconds.
  path: Assets/Resources/Blocks/Sprites/stone.png
  artifactKey: Guid(275253e448bcade47844708555ae0199) Importer(815301076,1909f56bfc062723c751e8b465ee728b)
Start importing Assets/Resources/Blocks/Sprites/stone.png using Guid(275253e448bcade47844708555ae0199) Importer(815301076,1909f56bfc062723c751e8b465ee728b)  -> (artifact id: '018723ddbfb0307f367c689f6f9148ea') in 0.026491 seconds 
========================================================================
Received Import Request.
  Time since last request: 0.000189 seconds.
  path: Assets/Resources/Blocks/Sprites/mushroom_tan.png
  artifactKey: Guid(3f267c20e5711384ab548aba86c57ccf) Importer(815301076,1909f56bfc062723c751e8b465ee728b)
Start importing Assets/Resources/Blocks/Sprites/mushroom_tan.png using Guid(3f267c20e5711384ab548aba86c57ccf) Importer(815301076,1909f56bfc062723c751e8b465ee728b)  -> (artifact id: '8bca87962f71cd924354ef211557adad') in 0.036917 seconds 
========================================================================
Received Import Request.
  Time since last request: 0.000192 seconds.
  path: Assets/Resources/Blocks/Sprites/stone_browniron.png
  artifactKey: Guid(8c41e1a4ffdb5bb4ab366f3c7e424dfe) Importer(815301076,1909f56bfc062723c751e8b465ee728b)
Start importing Assets/Resources/Blocks/Sprites/stone_browniron.png using Guid(8c41e1a4ffdb5bb4ab366f3c7e424dfe) Importer(815301076,1909f56bfc062723c751e8b465ee728b)  -> (artifact id: 'a910a98122ec84fecd0b9d94fe686ec3') in 0.022190 seconds 
========================================================================
Received Import Request.
  Time since last request: 0.000188 seconds.
  path: Assets/Resources/Blocks/Sprites/cactus_side.png
  artifactKey: Guid(e393d495f8874b94c9cd5f34955b6e78) Importer(815301076,1909f56bfc062723c751e8b465ee728b)
Start importing Assets/Resources/Blocks/Sprites/cactus_side.png using Guid(e393d495f8874b94c9cd5f34955b6e78) Importer(815301076,1909f56bfc062723c751e8b465ee728b)  -> (artifact id: '33962d49532bbaf689cc6b06644f91d4') in 0.023714 seconds 
========================================================================
Received Import Request.
  Time since last request: 0.000232 seconds.
  path: Assets/Resources/Blocks/Sprites/dirt_grass.png
  artifactKey: Guid(47927d03181497c488d3ceb6e0a1ce62) Importer(815301076,1909f56bfc062723c751e8b465ee728b)
Start importing Assets/Resources/Blocks/Sprites/dirt_grass.png using Guid(47927d03181497c488d3ceb6e0a1ce62) Importer(815301076,1909f56bfc062723c751e8b465ee728b)  -> (artifact id: 'ab824151ebc42bfae41e74181588ca08') in 0.015719 seconds 
========================================================================
Received Import Request.
  Time since last request: 0.000193 seconds.
  path: Assets/Resources/Blocks/Sprites/grass3.png
  artifactKey: Guid(ec7fc010801cc2546aa5c29a2daa6f03) Importer(815301076,1909f56bfc062723c751e8b465ee728b)
Start importing Assets/Resources/Blocks/Sprites/grass3.png using Guid(ec7fc010801cc2546aa5c29a2daa6f03) Importer(815301076,1909f56bfc062723c751e8b465ee728b)  -> (artifact id: 'c7d66a2f2739a2cdd9edd993071fdb11') in 0.020008 seconds 
========================================================================
Received Import Request.
  Time since last request: 0.000227 seconds.
  path: Assets/Resources/Blocks/Sprites/ice.png
  artifactKey: Guid(7baba3159937b6646802ee45efeb3c18) Importer(815301076,1909f56bfc062723c751e8b465ee728b)
Start importing Assets/Resources/Blocks/Sprites/ice.png using Guid(7baba3159937b6646802ee45efeb3c18) Importer(815301076,1909f56bfc062723c751e8b465ee728b)  -> (artifact id: '790bbdd315bd3f2eb577e10f401f66c2') in 0.015808 seconds 
========================================================================
Received Import Request.
  Time since last request: 0.413013 seconds.
  path: Assets/Resources/Blocks/Sprites/stone_diamond.png
  artifactKey: Guid(a1eb465166cdd5f47aef0dfbf91cc462) Importer(815301076,1909f56bfc062723c751e8b465ee728b)
Start importing Assets/Resources/Blocks/Sprites/stone_diamond.png using Guid(a1eb465166cdd5f47aef0dfbf91cc462) Importer(815301076,1909f56bfc062723c751e8b465ee728b)  -> (artifact id: 'c305276a93464baa3e4ab96a83463496') in 0.020328 seconds 
========================================================================
Received Import Request.
  Time since last request: 0.000207 seconds.
  path: Assets/Resources/Blocks/Sprites/stone_gold_alt.png
  artifactKey: Guid(5e77729a2dd780d48b3ed6f651caff6e) Importer(815301076,1909f56bfc062723c751e8b465ee728b)
Start importing Assets/Resources/Blocks/Sprites/stone_gold_alt.png using Guid(5e77729a2dd780d48b3ed6f651caff6e) Importer(815301076,1909f56bfc062723c751e8b465ee728b)  -> (artifact id: '415e6c33673050f6cefc4f70f55730bb') in 0.025940 seconds 
========================================================================
Received Import Request.
  Time since last request: 0.000195 seconds.
  path: Assets/Resources/Blocks/Sprites/stone_gold.png
  artifactKey: Guid(b59952341f2991b4ab483c71c082b6e2) Importer(815301076,1909f56bfc062723c751e8b465ee728b)
Start importing Assets/Resources/Blocks/Sprites/stone_gold.png using Guid(b59952341f2991b4ab483c71c082b6e2) Importer(815301076,1909f56bfc062723c751e8b465ee728b)  -> (artifact id: '6967b15330a693c333fe19a3b76ce0f5') in 0.026887 seconds 
========================================================================
Received Import Request.
  Time since last request: 0.000176 seconds.
  path: Assets/Resources/Blocks/Sprites/stone_iron_alt.png
  artifactKey: Guid(a0340925522e3c24294f3c7b76c985fd) Importer(815301076,1909f56bfc062723c751e8b465ee728b)
Start importing Assets/Resources/Blocks/Sprites/stone_iron_alt.png using Guid(a0340925522e3c24294f3c7b76c985fd) Importer(815301076,1909f56bfc062723c751e8b465ee728b)  -> (artifact id: '5aa49ce068fc2265acc513e84ebe3af9') in 0.024068 seconds 
========================================================================
Received Import Request.
  Time since last request: 0.000194 seconds.
  path: Assets/Resources/Blocks/Sprites/trunk_mid.png
  artifactKey: Guid(1697350d4b4587d45852b0cfd6eba3bc) Importer(815301076,1909f56bfc062723c751e8b465ee728b)
Start importing Assets/Resources/Blocks/Sprites/trunk_mid.png using Guid(1697350d4b4587d45852b0cfd6eba3bc) Importer(815301076,1909f56bfc062723c751e8b465ee728b)  -> (artifact id: '0d3e7557c4fba15c0fa635cd04bd4e7c') in 0.027727 seconds 
========================================================================
Received Import Request.
  Time since last request: 0.000201 seconds.
  path: Assets/Resources/Blocks/Sprites/water.png
  artifactKey: Guid(ae342040d395bd240b1413cb26096570) Importer(815301076,1909f56bfc062723c751e8b465ee728b)
Start importing Assets/Resources/Blocks/Sprites/water.png using Guid(ae342040d395bd240b1413cb26096570) Importer(815301076,1909f56bfc062723c751e8b465ee728b)  -> (artifact id: '92ce2b358d1ad86a12fb080968a8ebb0') in 0.023355 seconds 
========================================================================
Received Import Request.
  Time since last request: 0.000164 seconds.
  path: Assets/Resources/Blocks/Sprites/stone_snow.png
  artifactKey: Guid(3aef5280b0d9ca14eaefd98b3d0a7947) Importer(815301076,1909f56bfc062723c751e8b465ee728b)
Start importing Assets/Resources/Blocks/Sprites/stone_snow.png using Guid(3aef5280b0d9ca14eaefd98b3d0a7947) Importer(815301076,1909f56bfc062723c751e8b465ee728b)  -> (artifact id: '63609437e882c6a56db113d2af30a5fd') in 0.025710 seconds 
========================================================================
Received Import Request.
  Time since last request: 0.000163 seconds.
  path: Assets/Resources/Blocks/Sprites/stone_diamond_alt.png
  artifactKey: Guid(86c8efa28316e2a489dd4993178ca2ed) Importer(815301076,1909f56bfc062723c751e8b465ee728b)
Start importing Assets/Resources/Blocks/Sprites/stone_diamond_alt.png using Guid(86c8efa28316e2a489dd4993178ca2ed) Importer(815301076,1909f56bfc062723c751e8b465ee728b)  -> (artifact id: '0146c55ff18a5e58175da014fa51502e') in 0.025365 seconds 
========================================================================
Received Import Request.
  Time since last request: 0.000181 seconds.
  path: Assets/Resources/Blocks/Sprites/stone_iron.png
  artifactKey: Guid(41dcedb7c67415041b2a0dbdb39bf9cc) Importer(815301076,1909f56bfc062723c751e8b465ee728b)
Start importing Assets/Resources/Blocks/Sprites/stone_iron.png using Guid(41dcedb7c67415041b2a0dbdb39bf9cc) Importer(815301076,1909f56bfc062723c751e8b465ee728b)  -> (artifact id: '9ca8cce596dff01fe272083673dd9dd2') in 0.017985 seconds 
========================================================================
Received Import Request.
  Time since last request: 0.000205 seconds.
  path: Assets/Resources/Blocks/Sprites/wheat_stage3.png
  artifactKey: Guid(12188138145e294419d6ccfbed55eb4b) Importer(815301076,1909f56bfc062723c751e8b465ee728b)
Start importing Assets/Resources/Blocks/Sprites/wheat_stage3.png using Guid(12188138145e294419d6ccfbed55eb4b) Importer(815301076,1909f56bfc062723c751e8b465ee728b)  -> (artifact id: 'ecabc5ffd0285ba9da55051b0551a9cc') in 0.018293 seconds 
========================================================================
Received Import Request.
  Time since last request: 0.000202 seconds.
  path: Assets/Resources/Blocks/Sprites/wheat_stage1.png
  artifactKey: Guid(b7f7b98e54bc69a42b1653bea78196ff) Importer(815301076,1909f56bfc062723c751e8b465ee728b)
Start importing Assets/Resources/Blocks/Sprites/wheat_stage1.png using Guid(b7f7b98e54bc69a42b1653bea78196ff) Importer(815301076,1909f56bfc062723c751e8b465ee728b)  -> (artifact id: '76c6e25ca46720446b9b742a5f4b7650') in 0.016352 seconds 
========================================================================
Received Import Request.
  Time since last request: 0.000199 seconds.
  path: Assets/Resources/Blocks/Sprites/wheat_stage2.png
  artifactKey: Guid(97da59e934a26534f980828071d6f026) Importer(815301076,1909f56bfc062723c751e8b465ee728b)
Start importing Assets/Resources/Blocks/Sprites/wheat_stage2.png using Guid(97da59e934a26534f980828071d6f026) Importer(815301076,1909f56bfc062723c751e8b465ee728b)  -> (artifact id: '2fdc0520aac608f7a63bc2d8eea9c3e8') in 0.022976 seconds 
========================================================================
Received Import Request.
  Time since last request: 0.000176 seconds.
  path: Assets/Resources/Blocks/Sprites/stone_silver.png
  artifactKey: Guid(e4b3da90c71d7834f90bff7ac3563899) Importer(815301076,1909f56bfc062723c751e8b465ee728b)
Start importing Assets/Resources/Blocks/Sprites/stone_silver.png using Guid(e4b3da90c71d7834f90bff7ac3563899) Importer(815301076,1909f56bfc062723c751e8b465ee728b)  -> (artifact id: 'e4e4d3a58dcc2cc5b7c71f107c7de39e') in 0.025615 seconds 
========================================================================
Received Import Request.
  Time since last request: 0.000181 seconds.
  path: Assets/Resources/Blocks/Sprites/stone_silver_alt.png
  artifactKey: Guid(753f77fdca27f1547b37c1513a256d0c) Importer(815301076,1909f56bfc062723c751e8b465ee728b)
Start importing Assets/Resources/Blocks/Sprites/stone_silver_alt.png using Guid(753f77fdca27f1547b37c1513a256d0c) Importer(815301076,1909f56bfc062723c751e8b465ee728b)  -> (artifact id: '726ca2c65af1711126f2a06c040f798d') in 0.020285 seconds 
========================================================================
Received Import Request.
  Time since last request: 0.000188 seconds.
  path: Assets/Resources/Blocks/Sprites/trunk_bottom.png
  artifactKey: Guid(73daec9028a380c4195f855894bae9a0) Importer(815301076,1909f56bfc062723c751e8b465ee728b)
Start importing Assets/Resources/Blocks/Sprites/trunk_bottom.png using Guid(73daec9028a380c4195f855894bae9a0) Importer(815301076,1909f56bfc062723c751e8b465ee728b)  -> (artifact id: '0eee83e31d716ca8b379ab93c74b99ba') in 0.026161 seconds 
========================================================================
Received Import Request.
  Time since last request: 1.235214 seconds.
  path: Assets/Resources/Blocks/Sprites/wheat_stage4.png
  artifactKey: Guid(77ec98e9a6618454e8ba090412979728) Importer(815301076,1909f56bfc062723c751e8b465ee728b)
Start importing Assets/Resources/Blocks/Sprites/wheat_stage4.png using Guid(77ec98e9a6618454e8ba090412979728) Importer(815301076,1909f56bfc062723c751e8b465ee728b)  -> (artifact id: 'b86d6c3772a2a243668f51ba12e8598f') in 0.021008 seconds 
========================================================================
Received Import Request.
  Time since last request: 0.000129 seconds.
  path: Assets/Resources/Blocks/Sprites/wood.png
  artifactKey: Guid(d012092d7b9306b409f6a4df8e93ddac) Importer(815301076,1909f56bfc062723c751e8b465ee728b)
Start importing Assets/Resources/Blocks/Sprites/wood.png using Guid(d012092d7b9306b409f6a4df8e93ddac) Importer(815301076,1909f56bfc062723c751e8b465ee728b)  -> (artifact id: '877cdf725850e8fe007e55cfe4661a2a') in 0.025680 seconds 
========================================================================
Received Import Request.
  Time since last request: 1.035619 seconds.
  path: Assets/Prefabs/Slot.prefab
  artifactKey: Guid(cb829e6da4e3b9243b45cd3f69c37641) Importer(815301076,1909f56bfc062723c751e8b465ee728b)
Start importing Assets/Prefabs/Slot.prefab using Guid(cb829e6da4e3b9243b45cd3f69c37641) Importer(815301076,1909f56bfc062723c751e8b465ee728b)  -> (artifact id: '9f621549e50c22d2446ff3f90f0b2789') in 0.040724 seconds 
========================================================================
Received Import Request.
  Time since last request: 4.601616 seconds.
  path: Assets/Prefabs/Slot.prefab
  artifactKey: Guid(cb829e6da4e3b9243b45cd3f69c37641) Importer(815301076,1909f56bfc062723c751e8b465ee728b)
Start importing Assets/Prefabs/Slot.prefab using Guid(cb829e6da4e3b9243b45cd3f69c37641) Importer(815301076,1909f56bfc062723c751e8b465ee728b)  -> (artifact id: '0ba0dd461a51563834aaa53eb0c8aa69') in 0.019880 seconds 
========================================================================
Received Import Request.
  Time since last request: 0.576939 seconds.
  path: Assets/Prefabs/Slot.prefab
  artifactKey: Guid(cb829e6da4e3b9243b45cd3f69c37641) Importer(815301076,1909f56bfc062723c751e8b465ee728b)
Start importing Assets/Prefabs/Slot.prefab using Guid(cb829e6da4e3b9243b45cd3f69c37641) Importer(815301076,1909f56bfc062723c751e8b465ee728b)  -> (artifact id: 'c26bfd4b00833a62f08f9d09bc0bf235') in 0.018736 seconds 
========================================================================
Received Import Request.
  Time since last request: 0.378699 seconds.
  path: Assets/Prefabs/Slot.prefab
  artifactKey: Guid(cb829e6da4e3b9243b45cd3f69c37641) Importer(815301076,1909f56bfc062723c751e8b465ee728b)
Start importing Assets/Prefabs/Slot.prefab using Guid(cb829e6da4e3b9243b45cd3f69c37641) Importer(815301076,1909f56bfc062723c751e8b465ee728b)  -> (artifact id: 'f2b745e720aa0997ef05bf6069547724') in 0.012490 seconds 
========================================================================
Received Import Request.
  Time since last request: 2.810856 seconds.
  path: Assets/Prefabs/Slot.prefab
  artifactKey: Guid(cb829e6da4e3b9243b45cd3f69c37641) Importer(815301076,1909f56bfc062723c751e8b465ee728b)
Start importing Assets/Prefabs/Slot.prefab using Guid(cb829e6da4e3b9243b45cd3f69c37641) Importer(815301076,1909f56bfc062723c751e8b465ee728b)  -> (artifact id: 'ebb526383d8084b414f4c60bd16996b4') in 0.012648 seconds 
========================================================================
Received Import Request.
  Time since last request: 13.165330 seconds.
  path: Assets/Prefabs/Slot.prefab
  artifactKey: Guid(cb829e6da4e3b9243b45cd3f69c37641) Importer(815301076,1909f56bfc062723c751e8b465ee728b)
Start importing Assets/Prefabs/Slot.prefab using Guid(cb829e6da4e3b9243b45cd3f69c37641) Importer(815301076,1909f56bfc062723c751e8b465ee728b)  -> (artifact id: '6ac3b52242aed8eb8b34c0fa440592cf') in 0.018845 seconds 
========================================================================
Received Import Request.
  Time since last request: 1.602521 seconds.
  path: Assets/Prefabs/Slot.prefab
  artifactKey: Guid(cb829e6da4e3b9243b45cd3f69c37641) Importer(815301076,1909f56bfc062723c751e8b465ee728b)
Start importing Assets/Prefabs/Slot.prefab using Guid(cb829e6da4e3b9243b45cd3f69c37641) Importer(815301076,1909f56bfc062723c751e8b465ee728b)  -> (artifact id: '08239e15b27155deccd419c686c3df5a') in 0.017039 seconds 
========================================================================
Received Import Request.
  Time since last request: 0.805460 seconds.
  path: Assets/Prefabs/Slot.prefab
  artifactKey: Guid(cb829e6da4e3b9243b45cd3f69c37641) Importer(815301076,1909f56bfc062723c751e8b465ee728b)
Start importing Assets/Prefabs/Slot.prefab using Guid(cb829e6da4e3b9243b45cd3f69c37641) Importer(815301076,1909f56bfc062723c751e8b465ee728b)  -> (artifact id: 'bea431affc96f9ddae173875b1d5a9bb') in 0.016988 seconds 
========================================================================
Received Import Request.
  Time since last request: 2.817857 seconds.
  path: Assets/Prefabs/Slot.prefab
  artifactKey: Guid(cb829e6da4e3b9243b45cd3f69c37641) Importer(815301076,1909f56bfc062723c751e8b465ee728b)
Start importing Assets/Prefabs/Slot.prefab using Guid(cb829e6da4e3b9243b45cd3f69c37641) Importer(815301076,1909f56bfc062723c751e8b465ee728b)  -> (artifact id: '53aa82a6e9fd1c689fdd8d0ea261e49a') in 0.014680 seconds 
========================================================================
Received Import Request.
  Time since last request: 3.818666 seconds.
  path: Assets/Prefabs/Slot.prefab
  artifactKey: Guid(cb829e6da4e3b9243b45cd3f69c37641) Importer(815301076,1909f56bfc062723c751e8b465ee728b)
Start importing Assets/Prefabs/Slot.prefab using Guid(cb829e6da4e3b9243b45cd3f69c37641) Importer(815301076,1909f56bfc062723c751e8b465ee728b)  -> (artifact id: 'de575a18825c47c23c36d66db4208a59') in 0.008898 seconds 
========================================================================
Received Import Request.
  Time since last request: 3.592765 seconds.
  path: Assets/Prefabs/Slot.prefab
  artifactKey: Guid(cb829e6da4e3b9243b45cd3f69c37641) Importer(815301076,1909f56bfc062723c751e8b465ee728b)
Start importing Assets/Prefabs/Slot.prefab using Guid(cb829e6da4e3b9243b45cd3f69c37641) Importer(815301076,1909f56bfc062723c751e8b465ee728b)  -> (artifact id: '142627e8fcbcbc6bed90fabe4dd7271f') in 0.017581 seconds 
========================================================================
Received Import Request.
  Time since last request: 4.608752 seconds.
  path: Assets/Prefabs/Slot.prefab
  artifactKey: Guid(cb829e6da4e3b9243b45cd3f69c37641) Importer(815301076,1909f56bfc062723c751e8b465ee728b)
Start importing Assets/Prefabs/Slot.prefab using Guid(cb829e6da4e3b9243b45cd3f69c37641) Importer(815301076,1909f56bfc062723c751e8b465ee728b)  -> (artifact id: '2350d3b39800f6877be36af4129360de') in 0.013986 seconds 
========================================================================
Received Import Request.
  Time since last request: 220.251722 seconds.
  path: Assets/Resources/Items
  artifactKey: Guid(c8c8b2ea755116246a28eeb6c182d0a4) Importer(815301076,1909f56bfc062723c751e8b465ee728b)
Start importing Assets/Resources/Items using Guid(c8c8b2ea755116246a28eeb6c182d0a4) Importer(815301076,1909f56bfc062723c751e8b465ee728b)  -> (artifact id: '6b96cfdd89a9f7f970302ec22c61e531') in 0.011379 seconds 
========================================================================
Received Import Request.
  Time since last request: 0.054310 seconds.
  path: Assets/Resources/Items/apple.png
  artifactKey: Guid(3562373e787207541abfe73ce11ed22a) Importer(815301076,1909f56bfc062723c751e8b465ee728b)
Start importing Assets/Resources/Items/apple.png using Guid(3562373e787207541abfe73ce11ed22a) Importer(815301076,1909f56bfc062723c751e8b465ee728b)  -> (artifact id: '52ae5b5c81da342a7a3fa1b19067c2a9') in 0.026473 seconds 
========================================================================
Received Import Request.
  Time since last request: 0.000278 seconds.
  path: Assets/Resources/Items/sword_silver.png
  artifactKey: Guid(d31b150cd2a41df4bb2e5c55bdad6152) Importer(815301076,1909f56bfc062723c751e8b465ee728b)
Start importing Assets/Resources/Items/sword_silver.png using Guid(d31b150cd2a41df4bb2e5c55bdad6152) Importer(815301076,1909f56bfc062723c751e8b465ee728b)  -> (artifact id: '0642b5cf1332cdda41ecdc126dd6208a') in 0.024958 seconds 
========================================================================
Received Import Request.
  Time since last request: 0.000075 seconds.
  path: Assets/Resources/Items/pick_gold.png
  artifactKey: Guid(8e066401b5a9be949ba5a1ce2071463c) Importer(815301076,1909f56bfc062723c751e8b465ee728b)
Start importing Assets/Resources/Items/pick_gold.png using Guid(8e066401b5a9be949ba5a1ce2071463c) Importer(815301076,1909f56bfc062723c751e8b465ee728b)  -> (artifact id: '46393a22b2b29d456df433ad177ffac1') in 0.019600 seconds 
========================================================================
Received Import Request.
  Time since last request: 0.000200 seconds.
  path: Assets/Resources/Items/pick_silver.png
  artifactKey: Guid(eab11c91f6dbd594e8c178942dfed2fa) Importer(815301076,1909f56bfc062723c751e8b465ee728b)
Start importing Assets/Resources/Items/pick_silver.png using Guid(eab11c91f6dbd594e8c178942dfed2fa) Importer(815301076,1909f56bfc062723c751e8b465ee728b)  -> (artifact id: '9bc0a3bde6cc6e1424bfde8b974c117a') in 0.016531 seconds 
========================================================================
Received Import Request.
  Time since last request: 0.000200 seconds.
  path: Assets/Resources/Items/hoe_silver.png
  artifactKey: Guid(22ad46b102b78e4459ac603a46e6afff) Importer(815301076,1909f56bfc062723c751e8b465ee728b)
Start importing Assets/Resources/Items/hoe_silver.png using Guid(22ad46b102b78e4459ac603a46e6afff) Importer(815301076,1909f56bfc062723c751e8b465ee728b)  -> (artifact id: '1706624deccbc5af6bc7ba6f0afcb712') in 0.021197 seconds 
========================================================================
Received Import Request.
  Time since last request: 0.000201 seconds.
  path: Assets/Resources/Items/ore_gold.png
  artifactKey: Guid(e1ab01cbf1b84a14f8ac6ab25a292200) Importer(815301076,1909f56bfc062723c751e8b465ee728b)
Start importing Assets/Resources/Items/ore_gold.png using Guid(e1ab01cbf1b84a14f8ac6ab25a292200) Importer(815301076,1909f56bfc062723c751e8b465ee728b)  -> (artifact id: 'ec7b4ae74e3abb68d4cc6b49b4a4daea') in 0.017942 seconds 
========================================================================
Received Import Request.
  Time since last request: 0.000083 seconds.
  path: Assets/Resources/Items/sword_bronze.png
  artifactKey: Guid(f6ac282ec0babaf429ed7e1d779c9752) Importer(815301076,1909f56bfc062723c751e8b465ee728b)
Start importing Assets/Resources/Items/sword_bronze.png using Guid(f6ac282ec0babaf429ed7e1d779c9752) Importer(815301076,1909f56bfc062723c751e8b465ee728b)  -> (artifact id: '90fd0df4f09d2ae6469f2155ea2b11c5') in 0.013992 seconds 
========================================================================
Received Import Request.
  Time since last request: 0.002978 seconds.
  path: Assets/Resources/Items/minecart.png
  artifactKey: Guid(1776ba4add39689459e11013b026c32a) Importer(815301076,1909f56bfc062723c751e8b465ee728b)
Start importing Assets/Resources/Items/minecart.png using Guid(1776ba4add39689459e11013b026c32a) Importer(815301076,1909f56bfc062723c751e8b465ee728b)  -> (artifact id: '0f85c1d558a16d48bc3daccaf234b8e1') in 0.019344 seconds 
========================================================================
Received Import Request.
  Time since last request: 0.000194 seconds.
  path: Assets/Resources/Items/seed.png
  artifactKey: Guid(bfd1c04517927d749820bc0f156a6d36) Importer(815301076,1909f56bfc062723c751e8b465ee728b)
Start importing Assets/Resources/Items/seed.png using Guid(bfd1c04517927d749820bc0f156a6d36) Importer(815301076,1909f56bfc062723c751e8b465ee728b)  -> (artifact id: 'e8fff3aa0bf78727de8bb601ea7e5ee1') in 0.020656 seconds 
========================================================================
Received Import Request.
  Time since last request: 0.000216 seconds.
  path: Assets/Resources/Items/hammer_silver.png
  artifactKey: Guid(70c49bdb06eda2f46a96a6d4744ca449) Importer(815301076,1909f56bfc062723c751e8b465ee728b)
Start importing Assets/Resources/Items/hammer_silver.png using Guid(70c49bdb06eda2f46a96a6d4744ca449) Importer(815301076,1909f56bfc062723c751e8b465ee728b)  -> (artifact id: '02e54dd95b34e59cb4832bfed89d8757') in 0.017050 seconds 
========================================================================
Received Import Request.
  Time since last request: 0.000203 seconds.
  path: Assets/Resources/Items/axe_silver.png
  artifactKey: Guid(ac28d3e19dd28ee4bba4d8665a209ce6) Importer(815301076,1909f56bfc062723c751e8b465ee728b)
Start importing Assets/Resources/Items/axe_silver.png using Guid(ac28d3e19dd28ee4bba4d8665a209ce6) Importer(815301076,1909f56bfc062723c751e8b465ee728b)  -> (artifact id: '107d5a9927c1db6caa41fda57112bf29') in 0.020903 seconds 
========================================================================
Received Import Request.
  Time since last request: 0.000206 seconds.
  path: Assets/Resources/Items/sword_gold.png
  artifactKey: Guid(35143fb0e2a0f8b4e956eba3cce9d588) Importer(815301076,1909f56bfc062723c751e8b465ee728b)
Start importing Assets/Resources/Items/sword_gold.png using Guid(35143fb0e2a0f8b4e956eba3cce9d588) Importer(815301076,1909f56bfc062723c751e8b465ee728b)  -> (artifact id: 'dc933bc7274fe25a6123132f9a4c0260') in 0.019169 seconds 
========================================================================
Received Import Request.
  Time since last request: 0.005068 seconds.
  path: Assets/Resources/Items/hammer_diamond.png
  artifactKey: Guid(13e8335e3ec6f434ab6772ff1a4e6c52) Importer(815301076,1909f56bfc062723c751e8b465ee728b)
Start importing Assets/Resources/Items/hammer_diamond.png using Guid(13e8335e3ec6f434ab6772ff1a4e6c52) Importer(815301076,1909f56bfc062723c751e8b465ee728b)  -> (artifact id: '696d5a553c129a5bb013c125fcc9104f') in 0.023830 seconds 
========================================================================
Received Import Request.
  Time since last request: 0.000205 seconds.
  path: Assets/Resources/Items/hoe_iron.png
  artifactKey: Guid(febbc073c0e81744194e31ace8aec73e) Importer(815301076,1909f56bfc062723c751e8b465ee728b)
Start importing Assets/Resources/Items/hoe_iron.png using Guid(febbc073c0e81744194e31ace8aec73e) Importer(815301076,1909f56bfc062723c751e8b465ee728b)  -> (artifact id: '2bdd0ca13d2befd98163daa4d809bce3') in 0.021505 seconds 
========================================================================
Received Import Request.
  Time since last request: 0.000190 seconds.
  path: Assets/Resources/Items/flail_silver.png
  artifactKey: Guid(ef44bd93b2d368c488785aac4581a30c) Importer(815301076,1909f56bfc062723c751e8b465ee728b)
Start importing Assets/Resources/Items/flail_silver.png using Guid(ef44bd93b2d368c488785aac4581a30c) Importer(815301076,1909f56bfc062723c751e8b465ee728b)  -> (artifact id: 'f9dd2ae525ce4508c0d47b997c13d567') in 0.023619 seconds 
========================================================================
Received Import Request.
  Time since last request: 0.000194 seconds.
  path: Assets/Resources/Items/hoe_gold.png
  artifactKey: Guid(1b6dd3d9357a6d948bfd38064f8a0221) Importer(815301076,1909f56bfc062723c751e8b465ee728b)
Start importing Assets/Resources/Items/hoe_gold.png using Guid(1b6dd3d9357a6d948bfd38064f8a0221) Importer(815301076,1909f56bfc062723c751e8b465ee728b)  -> (artifact id: '9dd745121351dbb1432fdb1fa90bb64a') in 0.029234 seconds 
========================================================================
Received Import Request.
  Time since last request: 0.000190 seconds.
  path: Assets/Resources/Items/fish_cooked.png
  artifactKey: Guid(c7308617999ebd4448d649c7d4661747) Importer(815301076,1909f56bfc062723c751e8b465ee728b)
Start importing Assets/Resources/Items/fish_cooked.png using Guid(c7308617999ebd4448d649c7d4661747) Importer(815301076,1909f56bfc062723c751e8b465ee728b)  -> (artifact id: '9505321732705a55f43d018b743140ff') in 0.021612 seconds 
========================================================================
Received Import Request.
  Time since last request: 0.000204 seconds.
  path: Assets/Resources/Items/hoe_diamond.png
  artifactKey: Guid(2b5ef37a304051040aa711c1ef5e00c9) Importer(815301076,1909f56bfc062723c751e8b465ee728b)
Start importing Assets/Resources/Items/hoe_diamond.png using Guid(2b5ef37a304051040aa711c1ef5e00c9) Importer(815301076,1909f56bfc062723c751e8b465ee728b)  -> (artifact id: '59657bb336bebd26e12869e3e31d67fb') in 0.017956 seconds 
========================================================================
Received Import Request.
  Time since last request: 0.000623 seconds.
  path: Assets/Resources/Items/axe_gold.png
  artifactKey: Guid(045c2f89acfb0d24e849df97e9701fbf) Importer(815301076,1909f56bfc062723c751e8b465ee728b)
Start importing Assets/Resources/Items/axe_gold.png using Guid(045c2f89acfb0d24e849df97e9701fbf) Importer(815301076,1909f56bfc062723c751e8b465ee728b)  -> (artifact id: '3a297a03ff72bd712c69008481aff3ad') in 0.017556 seconds 
========================================================================
Received Import Request.
  Time since last request: 0.000205 seconds.
  path: Assets/Resources/Items/ore_ironAlt.png
  artifactKey: Guid(494d32f9935890549a9b97d4cb6a7099) Importer(815301076,1909f56bfc062723c751e8b465ee728b)
Start importing Assets/Resources/Items/ore_ironAlt.png using Guid(494d32f9935890549a9b97d4cb6a7099) Importer(815301076,1909f56bfc062723c751e8b465ee728b)  -> (artifact id: '35d844ad8ec30847d28eb916f1a99c11') in 0.026055 seconds 
========================================================================
Received Import Request.
  Time since last request: 0.000215 seconds.
  path: Assets/Resources/Items/sword_iron.png
  artifactKey: Guid(3a647fcd48ef61347a45a772d8100705) Importer(815301076,1909f56bfc062723c751e8b465ee728b)
Start importing Assets/Resources/Items/sword_iron.png using Guid(3a647fcd48ef61347a45a772d8100705) Importer(815301076,1909f56bfc062723c751e8b465ee728b)  -> (artifact id: 'e244dd57b6ca0dfc7e57fa68bf5ec538') in 0.028014 seconds 
========================================================================
Received Import Request.
  Time since last request: 0.000195 seconds.
  path: Assets/Resources/Items/sword_diamond.png
  artifactKey: Guid(0db640f2654c3f349b04c087244dabdf) Importer(815301076,1909f56bfc062723c751e8b465ee728b)
Start importing Assets/Resources/Items/sword_diamond.png using Guid(0db640f2654c3f349b04c087244dabdf) Importer(815301076,1909f56bfc062723c751e8b465ee728b)  -> (artifact id: '935047a34e8fc72f4a9a0a10c87d3d37') in 0.034774 seconds 
========================================================================
Received Import Request.
  Time since last request: 0.000324 seconds.
  path: Assets/Resources/Items/hammer_iron.png
  artifactKey: Guid(a1784f5c65b9bfb42a5d58850bc1bf01) Importer(815301076,1909f56bfc062723c751e8b465ee728b)
Start importing Assets/Resources/Items/hammer_iron.png using Guid(a1784f5c65b9bfb42a5d58850bc1bf01) Importer(815301076,1909f56bfc062723c751e8b465ee728b)  -> (artifact id: 'dba3f604cb79ca80c682753fb6b726eb') in 0.038550 seconds 
========================================================================
Received Import Request.
  Time since last request: 0.000214 seconds.
  path: Assets/Resources/Items/pick_diamond.png
  artifactKey: Guid(2b61edcd9af20c44fafccae260c0e8cf) Importer(815301076,1909f56bfc062723c751e8b465ee728b)
Start importing Assets/Resources/Items/pick_diamond.png using Guid(2b61edcd9af20c44fafccae260c0e8cf) Importer(815301076,1909f56bfc062723c751e8b465ee728b)  -> (artifact id: '0ee93a2fda8daf1cef4b2aeafce8879e') in 0.029091 seconds 
========================================================================
Received Import Request.
  Time since last request: 0.000304 seconds.
  path: Assets/Resources/Items/hammer_gold.png
  artifactKey: Guid(9a413ed187a83d840a9f283495c03740) Importer(815301076,1909f56bfc062723c751e8b465ee728b)
Start importing Assets/Resources/Items/hammer_gold.png using Guid(9a413ed187a83d840a9f283495c03740) Importer(815301076,1909f56bfc062723c751e8b465ee728b)  -> (artifact id: '431e62fde9c2ee96e0a12a8618bfe0f7') in 0.038031 seconds 
========================================================================
Received Import Request.
  Time since last request: 0.000179 seconds.
  path: Assets/Resources/Items/axe_diamond.png
  artifactKey: Guid(9bcbbc299819fcf4e93b9299377197e9) Importer(815301076,1909f56bfc062723c751e8b465ee728b)
Start importing Assets/Resources/Items/axe_diamond.png using Guid(9bcbbc299819fcf4e93b9299377197e9) Importer(815301076,1909f56bfc062723c751e8b465ee728b)  -> (artifact id: 'dda1357c273ad2fd2eeebf29ece9e565') in 0.032153 seconds 
========================================================================
Received Import Request.
  Time since last request: 0.000245 seconds.
  path: Assets/Resources/Items/bowArrow.png
  artifactKey: Guid(328a57efd974ebe4caf40df388191345) Importer(815301076,1909f56bfc062723c751e8b465ee728b)
Start importing Assets/Resources/Items/bowArrow.png using Guid(328a57efd974ebe4caf40df388191345) Importer(815301076,1909f56bfc062723c751e8b465ee728b)  -> (artifact id: '3d50d04d75730edce114303d7312d8c0') in 0.062838 seconds 
========================================================================
Received Import Request.
  Time since last request: 0.000070 seconds.
  path: Assets/Resources/Items/axe_iron.png
  artifactKey: Guid(eb603532cc2ab1b42a92d4947e591539) Importer(815301076,1909f56bfc062723c751e8b465ee728b)
Start importing Assets/Resources/Items/axe_iron.png using Guid(eb603532cc2ab1b42a92d4947e591539) Importer(815301076,1909f56bfc062723c751e8b465ee728b)  -> (artifact id: '43df05ef800f45b2bab94ac22fa6ec86') in 0.027509 seconds 
========================================================================
Received Import Request.
  Time since last request: 0.000193 seconds.
  path: Assets/Resources/Items/axe_bronze.png
  artifactKey: Guid(e15daa0cab431cd4b83c78e88ad96c70) Importer(815301076,1909f56bfc062723c751e8b465ee728b)
Start importing Assets/Resources/Items/axe_bronze.png using Guid(e15daa0cab431cd4b83c78e88ad96c70) Importer(815301076,1909f56bfc062723c751e8b465ee728b)  -> (artifact id: '3d992860b1d1b5b231d558d2175256c8') in 0.029409 seconds 
========================================================================
Received Import Request.
  Time since last request: 0.000196 seconds.
  path: Assets/Resources/Items/flail_iron.png
  artifactKey: Guid(11a8879909181bb4b8c76503d5688346) Importer(815301076,1909f56bfc062723c751e8b465ee728b)
Start importing Assets/Resources/Items/flail_iron.png using Guid(11a8879909181bb4b8c76503d5688346) Importer(815301076,1909f56bfc062723c751e8b465ee728b)  -> (artifact id: 'bd8d7a8601834bfe9311f63458a10cc2') in 0.128059 seconds 
========================================================================
Received Import Request.
  Time since last request: 0.000355 seconds.
  path: Assets/Resources/Items/flail_bronze.png
  artifactKey: Guid(45bd89dcecac9c74bb33672a042032c7) Importer(815301076,1909f56bfc062723c751e8b465ee728b)
Start importing Assets/Resources/Items/flail_bronze.png using Guid(45bd89dcecac9c74bb33672a042032c7) Importer(815301076,1909f56bfc062723c751e8b465ee728b)  -> (artifact id: '7676371e15170f1b0aa4915def5bed22') in 0.024874 seconds 
========================================================================
Received Import Request.
  Time since last request: 0.000075 seconds.
  path: Assets/Resources/Items/bow.png
  artifactKey: Guid(2d14107272cf45540be5c8a36628ec4a) Importer(815301076,1909f56bfc062723c751e8b465ee728b)
Start importing Assets/Resources/Items/bow.png using Guid(2d14107272cf45540be5c8a36628ec4a) Importer(815301076,1909f56bfc062723c751e8b465ee728b)  -> (artifact id: '051e12255d04b546f7011a2cf2c7f4fd') in 0.041953 seconds 
========================================================================
Received Import Request.
  Time since last request: 0.000207 seconds.
  path: Assets/Resources/Items/bowl.png
  artifactKey: Guid(8198721ed562f36438b9b020726878cd) Importer(815301076,1909f56bfc062723c751e8b465ee728b)
Start importing Assets/Resources/Items/bowl.png using Guid(8198721ed562f36438b9b020726878cd) Importer(815301076,1909f56bfc062723c751e8b465ee728b)  -> (artifact id: '1923c38fac5938bc67de6d60d804a5a7') in 0.033377 seconds 
========================================================================
Received Import Request.
  Time since last request: 0.000183 seconds.
  path: Assets/Resources/Items/ore_ruby.png
  artifactKey: Guid(832b0767e68f90d4d829209031e4e593) Importer(815301076,1909f56bfc062723c751e8b465ee728b)
Start importing Assets/Resources/Items/ore_ruby.png using Guid(832b0767e68f90d4d829209031e4e593) Importer(815301076,1909f56bfc062723c751e8b465ee728b)  -> (artifact id: '8cad996f37050f3e6ef75cf05a29f96b') in 0.016648 seconds 
========================================================================
Received Import Request.
  Time since last request: 0.000207 seconds.
  path: Assets/Resources/Items/flail_diamond.png
  artifactKey: Guid(90e6b0c3be2089242be0190e036843b1) Importer(815301076,1909f56bfc062723c751e8b465ee728b)
Start importing Assets/Resources/Items/flail_diamond.png using Guid(90e6b0c3be2089242be0190e036843b1) Importer(815301076,1909f56bfc062723c751e8b465ee728b)  -> (artifact id: '78ee54638dd1cb2c4ca5e9a1a0e013f3') in 0.023402 seconds 
========================================================================
Received Import Request.
  Time since last request: 0.000202 seconds.
  path: Assets/Resources/Items/hammer_bronze.png
  artifactKey: Guid(1184c6b8f8cf56f40948d3267161bf41) Importer(815301076,1909f56bfc062723c751e8b465ee728b)
Start importing Assets/Resources/Items/hammer_bronze.png using Guid(1184c6b8f8cf56f40948d3267161bf41) Importer(815301076,1909f56bfc062723c751e8b465ee728b)  -> (artifact id: '847ce807efe2e5a59521824379bdcc7c') in 0.019500 seconds 
========================================================================
Received Import Request.
  Time since last request: 0.000197 seconds.
  path: Assets/Resources/Items/ore_coal.png
  artifactKey: Guid(15e6b71c31c9e9e4a8112d80ecedc84a) Importer(815301076,1909f56bfc062723c751e8b465ee728b)
Start importing Assets/Resources/Items/ore_coal.png using Guid(15e6b71c31c9e9e4a8112d80ecedc84a) Importer(815301076,1909f56bfc062723c751e8b465ee728b)  -> (artifact id: 'dc6e359267d431f8e0ff8b5f2fd0493a') in 0.020287 seconds 
========================================================================
Received Import Request.
  Time since last request: 0.000191 seconds.
  path: Assets/Resources/Items/ore_diamond.png
  artifactKey: Guid(3c04b4f121b4d4b4d80d542979aa17d8) Importer(815301076,1909f56bfc062723c751e8b465ee728b)
Start importing Assets/Resources/Items/ore_diamond.png using Guid(3c04b4f121b4d4b4d80d542979aa17d8) Importer(815301076,1909f56bfc062723c751e8b465ee728b)  -> (artifact id: '6e5d017f65942ab13223945497eacbc8') in 0.021619 seconds 
========================================================================
Received Import Request.
  Time since last request: 0.000285 seconds.
  path: Assets/Resources/Items/pick_bronze.png
  artifactKey: Guid(fc52b77fd98e1d246bafcbac8f400d83) Importer(815301076,1909f56bfc062723c751e8b465ee728b)
Start importing Assets/Resources/Items/pick_bronze.png using Guid(fc52b77fd98e1d246bafcbac8f400d83) Importer(815301076,1909f56bfc062723c751e8b465ee728b)  -> (artifact id: 'b11980067342ce293605c1b9a0cef285') in 0.021108 seconds 
========================================================================
Received Import Request.
  Time since last request: 0.000198 seconds.
  path: Assets/Resources/Items/shovel_diamond.png
  artifactKey: Guid(e6b0ad9d3379b0f43a7db83389e6e02c) Importer(815301076,1909f56bfc062723c751e8b465ee728b)
Start importing Assets/Resources/Items/shovel_diamond.png using Guid(e6b0ad9d3379b0f43a7db83389e6e02c) Importer(815301076,1909f56bfc062723c751e8b465ee728b)  -> (artifact id: '0e6283a14f2dd67cbad34ac2af2e9e6d') in 0.022238 seconds 
========================================================================
Received Import Request.
  Time since last request: 0.000196 seconds.
  path: Assets/Resources/Items/fishingPole.png
  artifactKey: Guid(b9a1fc59094d3e845bc36f93aeb8c4c3) Importer(815301076,1909f56bfc062723c751e8b465ee728b)
Start importing Assets/Resources/Items/fishingPole.png using Guid(b9a1fc59094d3e845bc36f93aeb8c4c3) Importer(815301076,1909f56bfc062723c751e8b465ee728b)  -> (artifact id: '4266f0e492841934147e30c1e2ade629') in 0.025014 seconds 
========================================================================
Received Import Request.
  Time since last request: 0.000245 seconds.
  path: Assets/Resources/Items/shovel_bronze.png
  artifactKey: Guid(1491a9ad2a452f54c9af1d1e07859752) Importer(815301076,1909f56bfc062723c751e8b465ee728b)
Start importing Assets/Resources/Items/shovel_bronze.png using Guid(1491a9ad2a452f54c9af1d1e07859752) Importer(815301076,1909f56bfc062723c751e8b465ee728b)  -> (artifact id: '6aed02e26ea5aacbab8e171d9f640ca6') in 0.023802 seconds 
========================================================================
Received Import Request.
  Time since last request: 0.000199 seconds.
  path: Assets/Resources/Items/shovel_silver.png
  artifactKey: Guid(53114edae7b4493429589af42acf421c) Importer(815301076,1909f56bfc062723c751e8b465ee728b)
Start importing Assets/Resources/Items/shovel_silver.png using Guid(53114edae7b4493429589af42acf421c) Importer(815301076,1909f56bfc062723c751e8b465ee728b)  -> (artifact id: '021d42427ebee6378c5565126e8c5cbc') in 0.021477 seconds 
========================================================================
Received Import Request.
  Time since last request: 0.000310 seconds.
  path: Assets/Resources/Items/wheat.png
  artifactKey: Guid(430bad70b16b4c54d90de09ad1488f56) Importer(815301076,1909f56bfc062723c751e8b465ee728b)
Start importing Assets/Resources/Items/wheat.png using Guid(430bad70b16b4c54d90de09ad1488f56) Importer(815301076,1909f56bfc062723c751e8b465ee728b)  -> (artifact id: 'aed95d8648554dd8afc9d5238687efa5') in 0.023054 seconds 
========================================================================
Received Import Request.
  Time since last request: 0.000183 seconds.
  path: Assets/Resources/Items/hoe_bronze.png
  artifactKey: Guid(4d182f3048f70504784326031755c94a) Importer(815301076,1909f56bfc062723c751e8b465ee728b)
Start importing Assets/Resources/Items/hoe_bronze.png using Guid(4d182f3048f70504784326031755c94a) Importer(815301076,1909f56bfc062723c751e8b465ee728b)  -> (artifact id: '460af956d7c5f6a38cd97a3ef85c0651') in 0.026482 seconds 
========================================================================
Received Import Request.
  Time since last request: 0.000219 seconds.
  path: Assets/Resources/Items/ore_emerald.png
  artifactKey: Guid(e3373184d20b37f438b50692d42b92a9) Importer(815301076,1909f56bfc062723c751e8b465ee728b)
Start importing Assets/Resources/Items/ore_emerald.png using Guid(e3373184d20b37f438b50692d42b92a9) Importer(815301076,1909f56bfc062723c751e8b465ee728b)  -> (artifact id: 'd08988007d795f693a13e74f5f8f4835') in 0.020313 seconds 
========================================================================
Received Import Request.
  Time since last request: 0.000143 seconds.
  path: Assets/Resources/Items/ore_iron.png
  artifactKey: Guid(9ce6fe14b6afef64fbfbbb35f9d13b32) Importer(815301076,1909f56bfc062723c751e8b465ee728b)
Start importing Assets/Resources/Items/ore_iron.png using Guid(9ce6fe14b6afef64fbfbbb35f9d13b32) Importer(815301076,1909f56bfc062723c751e8b465ee728b)  -> (artifact id: '27203652452eafff6c8d07abdc984de5') in 0.019823 seconds 
========================================================================
Received Import Request.
  Time since last request: 0.000196 seconds.
  path: Assets/Resources/Items/pick_iron.png
  artifactKey: Guid(31376a974942def4c82ed4e8e6cbea66) Importer(815301076,1909f56bfc062723c751e8b465ee728b)
Start importing Assets/Resources/Items/pick_iron.png using Guid(31376a974942def4c82ed4e8e6cbea66) Importer(815301076,1909f56bfc062723c751e8b465ee728b)  -> (artifact id: '7db04eef7552b5048cc7c4c09802815b') in 0.022406 seconds 
========================================================================
Received Import Request.
  Time since last request: 0.000230 seconds.
  path: Assets/Resources/Items/fish.png
  artifactKey: Guid(531fe525551b4124e9732091b3f8646e) Importer(815301076,1909f56bfc062723c751e8b465ee728b)
Start importing Assets/Resources/Items/fish.png using Guid(531fe525551b4124e9732091b3f8646e) Importer(815301076,1909f56bfc062723c751e8b465ee728b)  -> (artifact id: 'a2f14434ab028ac3c4844594c57f08a0') in 0.023392 seconds 
========================================================================
Received Import Request.
  Time since last request: 0.000207 seconds.
  path: Assets/Resources/Items/arrow.png
  artifactKey: Guid(d55a3e626ef57f04d8f768ac9f756022) Importer(815301076,1909f56bfc062723c751e8b465ee728b)
Start importing Assets/Resources/Items/arrow.png using Guid(d55a3e626ef57f04d8f768ac9f756022) Importer(815301076,1909f56bfc062723c751e8b465ee728b)  -> (artifact id: '4d6489da9409da2992380e277220f5d1') in 0.017623 seconds 
========================================================================
Received Import Request.
  Time since last request: 0.000193 seconds.
  path: Assets/Resources/Items/boat.png
  artifactKey: Guid(0f9af0115b436d84f9f0e5ed45c884a8) Importer(815301076,1909f56bfc062723c751e8b465ee728b)
Start importing Assets/Resources/Items/boat.png using Guid(0f9af0115b436d84f9f0e5ed45c884a8) Importer(815301076,1909f56bfc062723c751e8b465ee728b)  -> (artifact id: 'ed54696f234cebe7412bcb5020deeffd') in 0.021476 seconds 
========================================================================
Received Import Request.
  Time since last request: 0.000297 seconds.
  path: Assets/Resources/Items/flail_gold.png
  artifactKey: Guid(c6fc3411c64ee55428caf609e7535083) Importer(815301076,1909f56bfc062723c751e8b465ee728b)
Start importing Assets/Resources/Items/flail_gold.png using Guid(c6fc3411c64ee55428caf609e7535083) Importer(815301076,1909f56bfc062723c751e8b465ee728b)  -> (artifact id: 'b17658fdb465b92d6204d9bc448e9d1c') in 0.020876 seconds 
========================================================================
Received Import Request.
  Time since last request: 0.000179 seconds.
  path: Assets/Resources/Items/stew.png
  artifactKey: Guid(726b9eb0d0f6459468e46a667719e8db) Importer(815301076,1909f56bfc062723c751e8b465ee728b)
Start importing Assets/Resources/Items/stew.png using Guid(726b9eb0d0f6459468e46a667719e8db) Importer(815301076,1909f56bfc062723c751e8b465ee728b)  -> (artifact id: '94c850405f1060fe32a435a965c47bed') in 0.022828 seconds 
========================================================================
Received Import Request.
  Time since last request: 0.000181 seconds.
  path: Assets/Resources/Items/shovel_iron.png
  artifactKey: Guid(a4c8de675985f52418fd4279b769922d) Importer(815301076,1909f56bfc062723c751e8b465ee728b)
Start importing Assets/Resources/Items/shovel_iron.png using Guid(a4c8de675985f52418fd4279b769922d) Importer(815301076,1909f56bfc062723c751e8b465ee728b)  -> (artifact id: '8932f559a9b59bac1ca4d8c930b5810d') in 0.029278 seconds 
========================================================================
Received Import Request.
  Time since last request: 0.000204 seconds.
  path: Assets/Resources/Items/shovel_gold.png
  artifactKey: Guid(2f691670f2062254e8387f2628554f75) Importer(815301076,1909f56bfc062723c751e8b465ee728b)
Start importing Assets/Resources/Items/shovel_gold.png using Guid(2f691670f2062254e8387f2628554f75) Importer(815301076,1909f56bfc062723c751e8b465ee728b)  -> (artifact id: 'c324ad638b917a40ce4c980766e84953') in 0.039261 seconds 
========================================================================
Received Import Request.
  Time since last request: 0.000204 seconds.
  path: Assets/Resources/Items/ore_silver.png
  artifactKey: Guid(07a9113e136b2de40a8cad47b2b34cda) Importer(815301076,1909f56bfc062723c751e8b465ee728b)
Start importing Assets/Resources/Items/ore_silver.png using Guid(07a9113e136b2de40a8cad47b2b34cda) Importer(815301076,1909f56bfc062723c751e8b465ee728b)  -> (artifact id: '405965c109131d62589de4fd4c87697f') in 0.035673 seconds 
========================================================================
Received Import Request.
  Time since last request: 246.210044 seconds.
  path: Assets/Prefabs/Slot.prefab
  artifactKey: Guid(cb829e6da4e3b9243b45cd3f69c37641) Importer(815301076,1909f56bfc062723c751e8b465ee728b)
Start importing Assets/Prefabs/Slot.prefab using Guid(cb829e6da4e3b9243b45cd3f69c37641) Importer(815301076,1909f56bfc062723c751e8b465ee728b)  -> (artifact id: 'bfdd59ec1eae76223814d7ecba256055') in 0.014375 seconds 
========================================================================
Received Import Request.
  Time since last request: 4.715254 seconds.
  path: Assets/Prefabs/Slot.prefab
  artifactKey: Guid(cb829e6da4e3b9243b45cd3f69c37641) Importer(815301076,1909f56bfc062723c751e8b465ee728b)
Start importing Assets/Prefabs/Slot.prefab using Guid(cb829e6da4e3b9243b45cd3f69c37641) Importer(815301076,1909f56bfc062723c751e8b465ee728b)  -> (artifact id: 'a7ba67e66ba5ca2c8462176da16c9254') in 0.015099 seconds 
========================================================================
Received Import Request.
  Time since last request: 16.509685 seconds.
  path: Assets/Prefabs/Inv Row.prefab
  artifactKey: Guid(0fa1d09774b4ae448a695f6661da674e) Importer(815301076,1909f56bfc062723c751e8b465ee728b)
Start importing Assets/Prefabs/Inv Row.prefab using Guid(0fa1d09774b4ae448a695f6661da674e) Importer(815301076,1909f56bfc062723c751e8b465ee728b)  -> (artifact id: '85352f3f0c924339b6da4bae80de5750') in 0.009334 seconds 
========================================================================
Received Import Request.
  Time since last request: 4.049847 seconds.
  path: Assets/Prefabs/Inv Row.prefab
  artifactKey: Guid(0fa1d09774b4ae448a695f6661da674e) Importer(815301076,1909f56bfc062723c751e8b465ee728b)
Start importing Assets/Prefabs/Inv Row.prefab using Guid(0fa1d09774b4ae448a695f6661da674e) Importer(815301076,1909f56bfc062723c751e8b465ee728b)  -> (artifact id: '91d8e63ce3f8dbde303c190f89f8f179') in 0.013243 seconds 
========================================================================
Received Import Request.
  Time since last request: 5.222077 seconds.
  path: Assets/Prefabs/Inv Row.prefab
  artifactKey: Guid(0fa1d09774b4ae448a695f6661da674e) Importer(815301076,1909f56bfc062723c751e8b465ee728b)
Start importing Assets/Prefabs/Inv Row.prefab using Guid(0fa1d09774b4ae448a695f6661da674e) Importer(815301076,1909f56bfc062723c751e8b465ee728b)  -> (artifact id: 'a9f6fcebaefd9765c7402c2414aed840') in 0.014904 seconds 
========================================================================
Received Import Request.
  Time since last request: 0.295201 seconds.
  path: Assets/Prefabs/Inv Row.prefab
  artifactKey: Guid(0fa1d09774b4ae448a695f6661da674e) Importer(815301076,1909f56bfc062723c751e8b465ee728b)
Start importing Assets/Prefabs/Inv Row.prefab using Guid(0fa1d09774b4ae448a695f6661da674e) Importer(815301076,1909f56bfc062723c751e8b465ee728b)  -> (artifact id: '7fa329e626c4dc907b3fa67c33bbd7aa') in 0.091209 seconds 
========================================================================
Received Import Request.
  Time since last request: 0.001073 seconds.
  path: Assets/Prefabs/Inv Row.prefab
  artifactKey: Guid(0fa1d09774b4ae448a695f6661da674e) Importer(815301076,1909f56bfc062723c751e8b465ee728b)
Start importing Assets/Prefabs/Inv Row.prefab using Guid(0fa1d09774b4ae448a695f6661da674e) Importer(815301076,1909f56bfc062723c751e8b465ee728b)  -> (artifact id: 'cbacb8a387866dac33d980cf27f6d696') in 0.026511 seconds 
========================================================================
Received Import Request.
  Time since last request: 0.131545 seconds.
  path: Assets/Prefabs/Inv Row.prefab
  artifactKey: Guid(0fa1d09774b4ae448a695f6661da674e) Importer(815301076,1909f56bfc062723c751e8b465ee728b)
Start importing Assets/Prefabs/Inv Row.prefab using Guid(0fa1d09774b4ae448a695f6661da674e) Importer(815301076,1909f56bfc062723c751e8b465ee728b)  -> (artifact id: '8a17da58317972b422f8b0c05d0d49d3') in 0.014010 seconds 
========================================================================
Received Import Request.
  Time since last request: 3.784355 seconds.
  path: Assets/Prefabs/Inv Row.prefab
  artifactKey: Guid(0fa1d09774b4ae448a695f6661da674e) Importer(815301076,1909f56bfc062723c751e8b465ee728b)
Start importing Assets/Prefabs/Inv Row.prefab using Guid(0fa1d09774b4ae448a695f6661da674e) Importer(815301076,1909f56bfc062723c751e8b465ee728b)  -> (artifact id: '0d5c771c22885dac145e0310d15617ab') in 0.012129 seconds 
========================================================================
Received Import Request.
  Time since last request: 14.455204 seconds.
  path: Assets/Prefabs/Inv Row.prefab
  artifactKey: Guid(0fa1d09774b4ae448a695f6661da674e) Importer(815301076,1909f56bfc062723c751e8b465ee728b)
Start importing Assets/Prefabs/Inv Row.prefab using Guid(0fa1d09774b4ae448a695f6661da674e) Importer(815301076,1909f56bfc062723c751e8b465ee728b)  -> (artifact id: '9503783421d2de6e9454a2aaaa32312b') in 0.012365 seconds 
========================================================================
Received Import Request.
  Time since last request: 2.249273 seconds.
  path: Assets/Prefabs/Inv Row.prefab
  artifactKey: Guid(0fa1d09774b4ae448a695f6661da674e) Importer(815301076,1909f56bfc062723c751e8b465ee728b)
Start importing Assets/Prefabs/Inv Row.prefab using Guid(0fa1d09774b4ae448a695f6661da674e) Importer(815301076,1909f56bfc062723c751e8b465ee728b)  -> (artifact id: '34a2195923092ee490f68e6cd5ee2880') in 0.011282 seconds 
========================================================================
Received Import Request.
  Time since last request: 2.057460 seconds.
  path: Assets/Prefabs/Inv Row.prefab
  artifactKey: Guid(0fa1d09774b4ae448a695f6661da674e) Importer(815301076,1909f56bfc062723c751e8b465ee728b)
Start importing Assets/Prefabs/Inv Row.prefab using Guid(0fa1d09774b4ae448a695f6661da674e) Importer(815301076,1909f56bfc062723c751e8b465ee728b)  -> (artifact id: '787598a3061d95cdaf8ce20fbfc0187a') in 0.016047 seconds 
========================================================================
Received Import Request.
  Time since last request: 2.658961 seconds.
  path: Assets/Prefabs/Inv Row.prefab
  artifactKey: Guid(0fa1d09774b4ae448a695f6661da674e) Importer(815301076,1909f56bfc062723c751e8b465ee728b)
Start importing Assets/Prefabs/Inv Row.prefab using Guid(0fa1d09774b4ae448a695f6661da674e) Importer(815301076,1909f56bfc062723c751e8b465ee728b)  -> (artifact id: '87e4bf70e620049ba8779f763115985d') in 0.019670 seconds 
========================================================================
Received Import Request.
  Time since last request: 1.586382 seconds.
  path: Assets/Prefabs/Inv Row.prefab
  artifactKey: Guid(0fa1d09774b4ae448a695f6661da674e) Importer(815301076,1909f56bfc062723c751e8b465ee728b)
Start importing Assets/Prefabs/Inv Row.prefab using Guid(0fa1d09774b4ae448a695f6661da674e) Importer(815301076,1909f56bfc062723c751e8b465ee728b)  -> (artifact id: '69a52a5c1c1a0539955c1a499876cde7') in 0.017448 seconds 
========================================================================
Received Import Request.
  Time since last request: 3.053343 seconds.
  path: Assets/Prefabs/Inv Row.prefab
  artifactKey: Guid(0fa1d09774b4ae448a695f6661da674e) Importer(815301076,1909f56bfc062723c751e8b465ee728b)
Start importing Assets/Prefabs/Inv Row.prefab using Guid(0fa1d09774b4ae448a695f6661da674e) Importer(815301076,1909f56bfc062723c751e8b465ee728b)  -> (artifact id: 'a7233034c5bc502b3f0082532456b0bb') in 0.012843 seconds 
========================================================================
Received Import Request.
  Time since last request: 14.521557 seconds.
  path: Assets/Prefabs/Inv Row.prefab
  artifactKey: Guid(0fa1d09774b4ae448a695f6661da674e) Importer(815301076,1909f56bfc062723c751e8b465ee728b)
Start importing Assets/Prefabs/Inv Row.prefab using Guid(0fa1d09774b4ae448a695f6661da674e) Importer(815301076,1909f56bfc062723c751e8b465ee728b)  -> (artifact id: '910e9428851a12f736df0c009a87e525') in 0.023785 seconds 
========================================================================
Received Import Request.
  Time since last request: 4.196891 seconds.
  path: Assets/Prefabs/Inv Row.prefab
  artifactKey: Guid(0fa1d09774b4ae448a695f6661da674e) Importer(815301076,1909f56bfc062723c751e8b465ee728b)
Start importing Assets/Prefabs/Inv Row.prefab using Guid(0fa1d09774b4ae448a695f6661da674e) Importer(815301076,1909f56bfc062723c751e8b465ee728b)  -> (artifact id: '6d5e84b915bcdd164d1029bd58e1ade1') in 0.014100 seconds 
========================================================================
Received Import Request.
  Time since last request: 6.662289 seconds.
  path: Assets/Prefabs/Inv Row.prefab
  artifactKey: Guid(0fa1d09774b4ae448a695f6661da674e) Importer(815301076,1909f56bfc062723c751e8b465ee728b)
Start importing Assets/Prefabs/Inv Row.prefab using Guid(0fa1d09774b4ae448a695f6661da674e) Importer(815301076,1909f56bfc062723c751e8b465ee728b)  -> (artifact id: '2d2452a1600eb8d15c41dfc99043196f') in 0.013802 seconds 
========================================================================
Received Import Request.
  Time since last request: 1.577939 seconds.
  path: Assets/Prefabs/Inv Row.prefab
  artifactKey: Guid(0fa1d09774b4ae448a695f6661da674e) Importer(815301076,1909f56bfc062723c751e8b465ee728b)
Start importing Assets/Prefabs/Inv Row.prefab using Guid(0fa1d09774b4ae448a695f6661da674e) Importer(815301076,1909f56bfc062723c751e8b465ee728b)  -> (artifact id: '24a62dbbaee8582dd137b68890e4c27c') in 0.019217 seconds 
========================================================================
Received Import Request.
  Time since last request: 2.792567 seconds.
  path: Assets/Prefabs/Inv Row.prefab
  artifactKey: Guid(0fa1d09774b4ae448a695f6661da674e) Importer(815301076,1909f56bfc062723c751e8b465ee728b)
Start importing Assets/Prefabs/Inv Row.prefab using Guid(0fa1d09774b4ae448a695f6661da674e) Importer(815301076,1909f56bfc062723c751e8b465ee728b)  -> (artifact id: '0909d020f81d4f7d799843b3101f8257') in 0.013608 seconds 
========================================================================
Received Import Request.
  Time since last request: 15.107043 seconds.
  path: Assets/Prefabs/Inv Row.prefab
  artifactKey: Guid(0fa1d09774b4ae448a695f6661da674e) Importer(815301076,1909f56bfc062723c751e8b465ee728b)
Start importing Assets/Prefabs/Inv Row.prefab using Guid(0fa1d09774b4ae448a695f6661da674e) Importer(815301076,1909f56bfc062723c751e8b465ee728b)  -> (artifact id: 'ca91d413b8d3bda7dba51ae37c6f79d6') in 0.019931 seconds 
========================================================================
Received Import Request.
  Time since last request: 4.818280 seconds.
  path: Assets/Prefabs/Inv Row.prefab
  artifactKey: Guid(0fa1d09774b4ae448a695f6661da674e) Importer(815301076,1909f56bfc062723c751e8b465ee728b)
Start importing Assets/Prefabs/Inv Row.prefab using Guid(0fa1d09774b4ae448a695f6661da674e) Importer(815301076,1909f56bfc062723c751e8b465ee728b)  -> (artifact id: '029b29117ec8b7489490fc9ecd2b2f13') in 0.023926 seconds 
========================================================================
Received Import Request.
  Time since last request: 7.436752 seconds.
  path: Assets/Prefabs/Inv Row.prefab
  artifactKey: Guid(0fa1d09774b4ae448a695f6661da674e) Importer(815301076,1909f56bfc062723c751e8b465ee728b)
Start importing Assets/Prefabs/Inv Row.prefab using Guid(0fa1d09774b4ae448a695f6661da674e) Importer(815301076,1909f56bfc062723c751e8b465ee728b)  -> (artifact id: 'f15d9bd33dc549d5d3f6b2c6e3b71567') in 0.014619 seconds 
========================================================================
Received Import Request.
  Time since last request: 10.848021 seconds.
  path: Assets/Prefabs/Inv Row.prefab
  artifactKey: Guid(0fa1d09774b4ae448a695f6661da674e) Importer(815301076,1909f56bfc062723c751e8b465ee728b)
Start importing Assets/Prefabs/Inv Row.prefab using Guid(0fa1d09774b4ae448a695f6661da674e) Importer(815301076,1909f56bfc062723c751e8b465ee728b)  -> (artifact id: '5e49e1a0bad1cef59a17be0f965caf0c') in 0.013520 seconds 
========================================================================
Received Import Request.
  Time since last request: 11.474208 seconds.
  path: Assets/Prefabs/Inv Row.prefab
  artifactKey: Guid(0fa1d09774b4ae448a695f6661da674e) Importer(815301076,1909f56bfc062723c751e8b465ee728b)
Start importing Assets/Prefabs/Inv Row.prefab using Guid(0fa1d09774b4ae448a695f6661da674e) Importer(815301076,1909f56bfc062723c751e8b465ee728b)  -> (artifact id: 'e961a6fa4d1d775827db3a8bb7aff427') in 0.013813 seconds 
========================================================================
Received Import Request.
  Time since last request: 15302.822356 seconds.
  path: Assets/Prefabs/Inv Row.prefab
  artifactKey: Guid(0fa1d09774b4ae448a695f6661da674e) Importer(815301076,1909f56bfc062723c751e8b465ee728b)
Start importing Assets/Prefabs/Inv Row.prefab using Guid(0fa1d09774b4ae448a695f6661da674e) Importer(815301076,1909f56bfc062723c751e8b465ee728b)  -> (artifact id: '4027d15cf553310b3a5afc30239df6d5') in 0.097118 seconds 
========================================================================
Received Import Request.
  Time since last request: 0.000673 seconds.
  path: Assets/Prefabs/Slot.prefab
  artifactKey: Guid(cb829e6da4e3b9243b45cd3f69c37641) Importer(815301076,1909f56bfc062723c751e8b465ee728b)
Start importing Assets/Prefabs/Slot.prefab using Guid(cb829e6da4e3b9243b45cd3f69c37641) Importer(815301076,1909f56bfc062723c751e8b465ee728b)  -> (artifact id: '1c0405717cd9e2032639420127463e74') in 0.037717 seconds 
